JvmtiExport can_access_local_variables 0
JvmtiExport can_hotswap_or_post_breakpoint 0
JvmtiExport can_post_on_exceptions 0
# 430 ciObject found
ciMethod java/lang/Object <init> ()V 4097 1 3309204 0 0
ciMethod java/lang/Object getClass ()Ljava/lang/Class; 2049 1 256 0 -1
ciMethod java/lang/Object hashCode ()I 3073 1 384 0 -1
ciMethod java/lang/Object equals (Ljava/lang/Object;)Z 2457 1 42416 0 64
ciMethod java/util/Map clear ()V 0 0 1 0 -1
ciMethod java/util/Map keySet ()Ljava/util/Set; 0 0 1 0 -1
ciMethod java/util/Map entrySet ()Ljava/util/Set; 0 0 1 0 -1
ciMethod java/lang/Integer highestOneBit (I)I 3073 1 1695 0 96
ciMethod java/lang/Integer rotateLeft (II)I 4097 1 95960 0 0
ciMethod java/util/Collection iterator ()Ljava/util/Iterator; 0 0 1 0 -1
ciMethod java/util/Collection toArray ()[Ljava/lang/Object; 0 0 1 0 -1
ciMethod java/util/List size ()I 0 0 1 0 -1
ciMethod java/util/List iterator ()Ljava/util/Iterator; 0 0 1 0 -1
ciMethod java/util/List add (Ljava/lang/Object;)Z 0 0 1 0 -1
ciMethod java/util/List remove (Ljava/lang/Object;)Z 0 0 1 0 -1
ciMethod java/util/List get (I)Ljava/lang/Object; 0 0 1 0 -1
ciMethod java/util/List set (ILjava/lang/Object;)Ljava/lang/Object; 0 0 1 0 -1
ciMethod java/util/AbstractCollection <init> ()V 417 1 435581 0 32
ciMethod java/util/ArrayList calculateCapacity ([Ljava/lang/Object;I)I 449 1 75993 0 0
ciMethod java/util/ArrayList ensureCapacityInternal (I)V 449 1 75979 0 576
ciMethod java/util/ArrayList ensureExplicitCapacity (I)V 449 1 71489 0 544
ciMethod java/util/ArrayList grow (I)V 97 1 5139 0 544
ciMethod java/util/ArrayList hugeCapacity (I)I 0 0 1 0 -1
ciMethod java/util/ArrayList size ()I 1025 1 128 0 0
ciMethod java/util/ArrayList elementData (I)Ljava/lang/Object; 2233 1 101459 0 96
ciMethod java/util/ArrayList get (I)Ljava/lang/Object; 2217 1 85060 0 128
ciMethod java/util/ArrayList set (ILjava/lang/Object;)Ljava/lang/Object; 1625 1 9353 0 0
ciMethod java/util/ArrayList add (Ljava/lang/Object;)Z 449 1 62618 0 736
ciMethod java/util/ArrayList rangeCheck (I)V 2233 1 101459 0 64
ciMethod java/util/ArrayList iterator ()Ljava/util/Iterator; 2057 1 8076 0 160
ciMethod java/util/ArrayList access$000 (Ljava/util/ArrayList;)I 1065 1 133 0 0
ciMethod java/util/Collections unmodifiableSet (Ljava/util/Set;)Ljava/util/Set; 2081 1 9652 0 0
ciMethod java/util/Set iterator ()Ljava/util/Iterator; 0 0 1 0 -1
ciMethod java/util/Set add (Ljava/lang/Object;)Z 0 0 1 0 -1
ciMethod java/util/Set remove (Ljava/lang/Object;)Z 0 0 1 0 -1
ciMethod java/util/Set clear ()V 0 0 1 0 -1
ciMethod java/util/AbstractSet <init> ()V 41 1 106644 0 32
ciMethod java/util/Collections$UnmodifiableCollection <init> (Ljava/util/Collection;)V 1097 1 13963 0 0
ciMethod java/util/Collections$UnmodifiableCollection iterator ()Ljava/util/Iterator; 2049 1 7703 0 224
ciMethod java/util/HashMap clear ()V 3129 14721 1021 0 256
ciMethod java/util/HashMap keySet ()Ljava/util/Set; 3113 1 6571 0 192
ciMethod java/util/HashMap entrySet ()Ljava/util/Set; 16505 1 11270 0 192
ciMethod java/util/Map$Entry getValue ()Ljava/lang/Object; 0 0 1 0 -1
ciMethod java/util/Map$Entry setValue (Ljava/lang/Object;)Ljava/lang/Object; 0 0 1 0 -1
ciMethod java/util/HashMap$Node getValue ()Ljava/lang/Object; 1641 1 205 0 0
ciMethod java/util/HashMap$Node setValue (Ljava/lang/Object;)Ljava/lang/Object; 3625 1 1659 0 0
ciMethod java/lang/Math max (II)I 593 1 187383 0 -1
ciMethod java/util/Arrays rangeCheck (III)V 1857 1 5430 0 128
ciMethod java/util/Arrays fill ([Ljava/lang/Object;IILjava/lang/Object;)V 1545 849 4341 0 0
ciMethod java/util/Arrays copyOf ([Ljava/lang/Object;I)[Ljava/lang/Object; 2065 1 20150 0 384
ciMethod java/util/Arrays copyOf ([Ljava/lang/Object;ILjava/lang/Class;)[Ljava/lang/Object; 2129 1 7654 0 -1
ciMethod java/util/Iterator hasNext ()Z 0 0 1 0 -1
ciMethod java/util/Iterator next ()Ljava/lang/Object; 0 0 1 0 -1
ciMethod java/util/LinkedHashMap clear ()V 16393 1 2447 0 0
ciMethodData java/lang/Object <init> ()V 2 3309204 orig 264 88 29 165 118 0 0 0 0 128 4 38 22 0 0 0 0 32 1 0 0 0 0 0 0 0 0 0 0 0 0 0 0 0 0 0 0 0 0 0 0 0 0 0 0 0 0 0 0 0 0 0 0 0 0 0 0 0 0 0 0 0 0 0 0 0 0 0 0 0 0 0 0 0 0 0 0 0 0 0 0 77 68 79 32 101 120 116 114 97 32 100 97 116 97 32 108 111 99 107 0 0 0 0 0 0 0 0 0 0 0 0 0 0 0 0 0 0 0 0 0 0 0 0 0 0 0 0 0 0 0 0 0 0 0 0 0 0 0 0 0 0 0 0 0 0 0 0 0 0 0 0 0 0 0 0 0 0 0 0 0 0 0 0 0 0 0 0 0 0 0 0 0 0 0 0 0 0 0 0 0 0 0 0 0 1 0 0 0 0 0 0 0 1 0 0 0 0 0 0 0 1 0 0 0 0 0 0 0 0 0 0 0 0 0 0 0 0 2 0 0 161 228 147 1 1 0 0 0 0 0 0 0 0 0 0 0 2 0 0 0 0 0 3 0 1 0 0 0 0 0 0 0 255 255 255 255 0 0 0 0 0 0 0 0 data 0 oops 0
ciMethod java/util/HashSet <init> ()V 1 1 41379 0 -1
ciMethod java/util/HashSet clear ()V 2049 1 5808 0 0
ciMethod java/util/Collections$UnmodifiableSet <init> (Ljava/util/Set;)V 2065 1 9675 0 0
ciMethodData java/util/ArrayList add (Ljava/lang/Object;)Z 2 62618 orig 264 88 29 165 118 0 0 0 0 56 34 51 22 0 0 0 0 144 1 0 0 0 0 0 0 0 0 0 0 0 0 0 0 0 0 0 0 0 0 0 0 0 0 0 0 0 0 0 0 0 0 0 0 0 0 0 0 0 0 0 0 0 0 0 0 0 0 0 0 0 0 0 0 0 0 0 0 0 0 0 0 77 68 79 32 101 120 116 114 97 32 100 97 116 97 32 108 111 99 107 0 0 0 0 0 0 0 0 0 0 0 0 0 0 0 0 0 0 0 0 0 0 0 0 0 0 0 0 0 0 0 0 0 0 0 0 0 0 0 0 0 0 0 0 0 0 0 0 0 0 0 0 0 0 0 0 0 0 0 0 0 0 0 0 0 0 0 0 0 0 0 0 0 0 0 0 0 0 0 0 0 0 0 0 0 17 0 0 0 0 0 0 0 0 0 0 0 0 0 0 0 1 0 0 0 0 0 0 0 0 0 0 0 0 0 0 0 56 0 0 0 17 163 7 0 1 0 0 0 0 0 0 0 0 0 0 0 2 0 0 0 0 0 15 0 2 0 0 0 64 0 0 0 255 255 255 255 2 0 7 0 0 0 0 0 data 8 0x70002 0xf463 0x1a0104 0x0 0x16bec590 0xd7 0x16bec6b0 0x1eb oops 2